{"G:\\cyrsor-pro\\Hilsiny-train\\src\\components\\Note.jsx": {"path":"G:\\cyrsor-pro\\Hilsiny-train\\src\\components\\Note.jsx","statementMap":{"0":{"start":{"line":3,"column":13},"end":{"line":14,"column":null}},"1":{"start":{"line":4,"column":16},"end":{"line":4,"column":null}},"2":{"start":{"line":5,"column":4},"end":{"line":12,"column":null}}},"fnMap":{"0":{"name":"(anonymous_0)","decl":{"start":{"line":3,"column":13},"end":{"line":3,"column":14}},"loc":{"start":{"line":3,"column":45},"end":{"line":14,"column":null}},"line":3}},"branchMap":{"0":{"loc":{"start":{"line":4,"column":16},"end":{"line":4,"column":null}},"type":"cond-expr","locations":[{"start":{"line":4,"column":33},"end":{"line":4,"column":56}},{"start":{"line":4,"column":56},"end":{"line":4,"column":null}}],"line":4}},"s":{"0":1,"1":3,"2":3},"f":{"0":3},"b":{"0":[3,0]},"meta":{"lastBranch":1,"lastFunction":1,"lastStatement":3,"seen":{"s:3:13:14:Infinity":0,"f:3:13:3:14":0,"s:4:16:4:Infinity":1,"b:4:33:4:56:4:56:4:Infinity":0,"s:5:4:12:Infinity":2},"fnNames":{}}}
,"G:\\cyrsor-pro\\Hilsiny-train\\src\\components\\NoteForm.jsx": {"path":"G:\\cyrsor-pro\\Hilsiny-train\\src\\components\\NoteForm.jsx","statementMap":{"0":{"start":{"line":35,"column":17},"end":{"line":61,"column":null}},"1":{"start":{"line":36,"column":28},"end":{"line":36,"column":null}},"2":{"start":{"line":38,"column":18},"end":{"line":46,"column":null}},"3":{"start":{"line":39,"column":4},"end":{"line":39,"column":null}},"4":{"start":{"line":40,"column":4},"end":{"line":43,"column":null}},"5":{"start":{"line":45,"column":4},"end":{"line":45,"column":null}},"6":{"start":{"line":48,"column":2},"end":{"line":59,"column":null}},"7":{"start":{"line":55,"column":29},"end":{"line":55,"column":null}}},"fnMap":{"0":{"name":"(anonymous_0)","decl":{"start":{"line":35,"column":17},"end":{"line":35,"column":18}},"loc":{"start":{"line":35,"column":37},"end":{"line":61,"column":null}},"line":35},"1":{"name":"(anonymous_1)","decl":{"start":{"line":38,"column":18},"end":{"line":38,"column":27}},"loc":{"start":{"line":38,"column":27},"end":{"line":46,"column":null}},"line":38},"2":{"name":"(anonymous_2)","decl":{"start":{"line":55,"column":20},"end":{"line":55,"column":29}},"loc":{"start":{"line":55,"column":29},"end":{"line":55,"column":null}},"line":55}},"branchMap":{},"s":{"0":1,"1":19,"2":19,"3":1,"4":1,"5":1,"6":19,"7":17},"f":{"0":19,"1":1,"2":17},"b":{},"meta":{"lastBranch":0,"lastFunction":3,"lastStatement":8,"seen":{"s:35:17:61:Infinity":0,"f:35:17:35:18":0,"s:36:28:36:Infinity":1,"s:38:18:46:Infinity":2,"f:38:18:38:27":1,"s:39:4:39:Infinity":3,"s:40:4:43:Infinity":4,"s:45:4:45:Infinity":5,"s:48:2:59:Infinity":6,"f:55:20:55:29":2,"s:55:29:55:Infinity":7},"fnNames":{}}}
,"G:\\cyrsor-pro\\Hilsiny-train\\src\\components\\Togglable.jsx": {"path":"G:\\cyrsor-pro\\Hilsiny-train\\src\\components\\Togglable.jsx","statementMap":{"0":{"start":{"line":3,"column":18},"end":{"line":29,"column":null}},"1":{"start":{"line":4,"column":30},"end":{"line":4,"column":null}},"2":{"start":{"line":6,"column":28},"end":{"line":6,"column":null}},"3":{"start":{"line":7,"column":28},"end":{"line":7,"column":null}},"4":{"start":{"line":9,"column":29},"end":{"line":11,"column":null}},"5":{"start":{"line":10,"column":8},"end":{"line":10,"column":null}},"6":{"start":{"line":13,"column":4},"end":{"line":15,"column":null}},"7":{"start":{"line":14,"column":8},"end":{"line":14,"column":null}},"8":{"start":{"line":18,"column":4},"end":{"line":27,"column":null}}},"fnMap":{"0":{"name":"(anonymous_0)","decl":{"start":{"line":3,"column":18},"end":{"line":3,"column":19}},"loc":{"start":{"line":3,"column":29},"end":{"line":29,"column":null}},"line":3},"1":{"name":"(anonymous_1)","decl":{"start":{"line":9,"column":29},"end":{"line":9,"column":35}},"loc":{"start":{"line":9,"column":35},"end":{"line":11,"column":null}},"line":9},"2":{"name":"(anonymous_2)","decl":{"start":{"line":13,"column":35},"end":{"line":13,"column":41}},"loc":{"start":{"line":13,"column":41},"end":{"line":15,"column":5}},"line":13}},"branchMap":{"0":{"loc":{"start":{"line":6,"column":39},"end":{"line":6,"column":61}},"type":"cond-expr","locations":[{"start":{"line":6,"column":49},"end":{"line":6,"column":58}},{"start":{"line":6,"column":58},"end":{"line":6,"column":61}}],"line":6},"1":{"loc":{"start":{"line":7,"column":39},"end":{"line":7,"column":61}},"type":"cond-expr","locations":[{"start":{"line":7,"column":49},"end":{"line":7,"column":54}},{"start":{"line":7,"column":54},"end":{"line":7,"column":61}}],"line":7}},"s":{"0":1,"1":4,"2":4,"3":4,"4":4,"5":1,"6":4,"7":0,"8":4},"f":{"0":4,"1":1,"2":0},"b":{"0":[1,3],"1":[1,3]},"meta":{"lastBranch":2,"lastFunction":3,"lastStatement":9,"seen":{"s:3:18:29:Infinity":0,"f:3:18:3:19":0,"s:4:30:4:Infinity":1,"s:6:28:6:Infinity":2,"b:6:49:6:58:6:58:6:61":0,"s:7:28:7:Infinity":3,"b:7:49:7:54:7:54:7:61":1,"s:9:29:11:Infinity":4,"f:9:29:9:35":1,"s:10:8:10:Infinity":5,"s:13:4:15:Infinity":6,"f:13:35:13:41":2,"s:14:8:14:Infinity":7,"s:18:4:27:Infinity":8},"fnNames":{}}}
}
